C51 COMPILER V9.60.7.0   MAIN                                                              05/09/2023 15:51:24 PAGE 1   


C51 COMPILER V9.60.7.0, COMPILATION OF MODULE MAIN
OBJECT MODULE PLACED IN .\Objects\main.obj
COMPILER INVOKED BY: D:\instal\Keil_v5\C51\BIN\C51.EXE main.c LARGE OPTIMIZE(8,SPEED) BROWSE DEBUG OBJECTEXTEND PRINT(.\
                    -Listings\main.lst) TABS(2) OBJECT(.\Objects\main.obj)

line level    source

   1          #include "config.h"
   2          #include "delay.h"
   3          #include "PWM.h"
   4          #include "Buzzer.h"
   5          
   6          // Òô
   7          u8 notes[] = {
   8              1, 2, 3, 1,
   9              1, 2, 3, 1,
  10              3, 4, 5,
  11              3, 4, 5,
  12              5, 6, 5, 4, 3, 1,
  13              5, 6, 5, 4, 3, 1,
  14              1, 5, 1,
  15              1, 5, 1};
  16          
  17          // ½Ú×à
  18          u8 steps[] = {
  19              4, 4, 4, 4,
  20              4, 4, 4, 4,
  21              4, 4, 8,
  22              4, 4, 8,
  23              3, 1, 3, 1, 4, 4,
  24              3, 1, 3, 1, 4, 4,
  25              4, 4, 8,
  26              4, 4, 8};
  27          
  28          int main()
  29          {
  30   1          u16 i;
  31   1          u16 s;
  32   1          Buzzer_init();
  33   1          EA = 1;
  34   1      
  35   1          while (1)
  36   1          {
  37   2              for (i = 0; i < sizeof(notes) / sizeof(notes[0]); i++)
  38   2              {
  39   3                  Buzzer_music(notes[i]);
  40   3                  s = steps[i] * 120;
  41   3                  do
  42   3                  {
  43   4                      delay_ms(1);
  44   4                  } while (--s);
  45   3              }
  46   2          }
  47   1      }


MODULE INFORMATION:   STATIC OVERLAYABLE
   CODE SIZE        =    109    ----
   CONSTANT SIZE    =   ----    ----
   XDATA SIZE       =     64       4
   PDATA SIZE       =   ----    ----
C51 COMPILER V9.60.7.0   MAIN                                                              05/09/2023 15:51:24 PAGE 2   

   DATA SIZE        =   ----    ----
   IDATA SIZE       =   ----    ----
   BIT SIZE         =   ----    ----
END OF MODULE INFORMATION.


C51 COMPILATION COMPLETE.  0 WARNING(S),  0 ERROR(S)
