C51 COMPILER V9.60.7.0   MAIN                                                              04/12/2023 17:26:20 PAGE 1   


C51 COMPILER V9.60.7.0, COMPILATION OF MODULE MAIN
OBJECT MODULE PLACED IN .\Objects\main.obj
COMPILER INVOKED BY: D:\instal\Keil_v5\C51\BIN\C51.EXE main.c OPTIMIZE(8,SPEED) BROWSE DEBUG OBJECTEXTEND PRINT(.\Listin
                    -gs\main.lst) TABS(2) OBJECT(.\Objects\main.obj)

line level    source

   1          #include "config.h"
   2          #include "GPIO.h"
   3          #include "delay.h"
   4          
   5          /*
   6          LED顺序点亮
   7          */
   8          //声明/替换
   9          #define LED1 P27
  10          #define LED2 P26
  11          #define LED3 P15
  12          #define LED4 P14
  13          #define LED5 P23
  14          #define LED6 P22
  15          #define LED7 P21
  16          #define LED8 P20
  17          #define LED_SW P45
  18          
  19          //GPIO初始化
  20          void GPIO_config(void) {
  21   1          GPIO_InitTypeDef GPIO_InitStructure;//结构定义
  22   1          GPIO_InitStructure.Mode=GPIO_PullUp;//IO模式，GPIO_PullUp,GPIO_HighZ,GPIO_OUT_OD,GPIO_OUT_PP
  23   1          GPIO_InitStructure.Pin=GPIO_Pin_5;//指定要初始化的IO
  24   1          GPIO_Inilize(GPIO_P4, &GPIO_InitStructure);//初始化
  25   1      
  26   1          GPIO_InitStructure.Mode=GPIO_PullUp;//IO模式，GPIO_PullUp,GPIO_HighZ,GPIO_OUT_OD,GPIO_OUT_PP
  27   1          GPIO_InitStructure.Pin=GPIO_Pin_7 | GPIO_Pin_6 | GPIO_Pin_3| GPIO_Pin_2 | GPIO_Pin_1 | GPIO_Pin_0;//指
             -定要初始化的IO
  28   1          GPIO_Inilize(GPIO_P2, &GPIO_InitStructure);//初始化
  29   1      
  30   1          GPIO_InitStructure.Mode=GPIO_PullUp;//IO模式，GPIO_PullUp,GPIO_HighZ,GPIO_OUT_OD,GPIO_OUT_PP
  31   1          GPIO_InitStructure.Pin=GPIO_Pin_5 | GPIO_Pin_4;//指定要初始化的IO
  32   1          GPIO_Inilize(GPIO_P1, &GPIO_InitStructure);//初始化
  33   1      }
  34          
  35          int main() {
  36   1          int i;
  37   1          //引用
  38   1          GPIO_config();
  39   1      
  40   1          LED_SW = 0;
  41   1      
  42   1          while(1) {
  43   2              for(i = 0; i < 8; i++) {
  44   3                  LED1 = i==0 ? 0 : 1;
  45   3                  LED2 = i==1 ? 0 : 1;
  46   3                  LED3 = i==2 ? 0 : 1;
  47   3                  LED4 = i==3 ? 0 : 1;
  48   3                  LED5 = i==4 ? 0 : 1;
  49   3                  LED6 = i==5 ? 0 : 1;
  50   3                  LED7 = i==6 ? 0 : 1;
  51   3                  LED8 = i==7 ? 0 : 1;
  52   3                  delay_ms(250);
  53   3              }
C51 COMPILER V9.60.7.0   MAIN                                                              04/12/2023 17:26:20 PAGE 2   

  54   2              
  55   2              for(i = 8; i > 0; i--) {
  56   3                  LED1 = i==0 ? 0 : 1;
  57   3                  LED2 = i==1 ? 0 : 1;
  58   3                  LED3 = i==2 ? 0 : 1;
  59   3                  LED4 = i==3 ? 0 : 1;
  60   3                  LED5 = i==4 ? 0 : 1;
  61   3                  LED6 = i==5 ? 0 : 1;
  62   3                  LED7 = i==6 ? 0 : 1;
  63   3                  LED8 = i==7 ? 0 : 1;
  64   3                  delay_ms(250);
  65   3              }
  66   2          }
  67   1      }


MODULE INFORMATION:   STATIC OVERLAYABLE
   CODE SIZE        =    342    ----
   CONSTANT SIZE    =   ----    ----
   XDATA SIZE       =   ----    ----
   PDATA SIZE       =   ----    ----
   DATA SIZE        =   ----       4
   IDATA SIZE       =   ----    ----
   BIT SIZE         =   ----    ----
END OF MODULE INFORMATION.


C51 COMPILATION COMPLETE.  0 WARNING(S),  0 ERROR(S)
