C51 COMPILER V9.60.7.0   MAIN                                                              04/12/2023 16:37:06 PAGE 1   


C51 COMPILER V9.60.7.0, COMPILATION OF MODULE MAIN
OBJECT MODULE PLACED IN .\Objects\main.obj
COMPILER INVOKED BY: D:\instal\Keil_v5\C51\BIN\C51.EXE main.c OPTIMIZE(8,SPEED) BROWSE DEBUG OBJECTEXTEND PRINT(.\Listin
                    -gs\main.lst) TABS(2) OBJECT(.\Objects\main.obj)

line level    source

   1          #include "config.h"
   2          #include "GPIO.h"
   3          /*
   4          LED点亮
   5          */
   6          //声明/替换
   7          #define LED1 P27
   8          #define LED2 P26
   9          #define LED3 P15
  10          #define LED4 P14
  11          #define LED5 P23
  12          #define LED6 P22
  13          #define LED7 P21
  14          #define LED8 P20
  15          #define LED_SW P45
  16          
  17          //GPIO初始化
  18          void GPIO_config(void) {
  19   1          GPIO_InitTypeDef GPIO_InitStructure;//结构定义
  20   1          GPIO_InitStructure.Mode=GPIO_PullUp;//IO模式，GPIO_PullUp,GPIO_HighZ,GPIO_OUT_OD,GPIO_OUT_PP
  21   1          GPIO_InitStructure.Pin=GPIO_Pin_5;//指定要初始化的IO
  22   1          GPIO_Inilize(GPIO_P4, &GPIO_InitStructure);//初始化
  23   1      
  24   1          GPIO_InitStructure.Mode=GPIO_PullUp;//IO模式，GPIO_PullUp,GPIO_HighZ,GPIO_OUT_OD,GPIO_OUT_PP
  25   1          GPIO_InitStructure.Pin=GPIO_Pin_7 | GPIO_Pin_6 | GPIO_Pin_3| GPIO_Pin_2 | GPIO_Pin_1 | GPIO_Pin_0;//指
             -定要初始化的IO
  26   1          GPIO_Inilize(GPIO_P2, &GPIO_InitStructure);//初始化
  27   1      
  28   1          GPIO_InitStructure.Mode=GPIO_PullUp;//IO模式，GPIO_PullUp,GPIO_HighZ,GPIO_OUT_OD,GPIO_OUT_PP
  29   1          GPIO_InitStructure.Pin=GPIO_Pin_5 | GPIO_Pin_4;//指定要初始化的IO
  30   1          GPIO_Inilize(GPIO_P1, &GPIO_InitStructure);//初始化
  31   1      }
  32          
  33          int main() {
  34   1          //引用
  35   1          GPIO_config();
  36   1      
  37   1          //中断总开关
  38   1          EA=1;
  39   1      
  40   1          LED_SW = 0;
  41   1          LED1 = 0;
  42   1          LED2 = 0;
  43   1          LED3 = 0;
  44   1          LED4 = 0;
  45   1          LED5 = 0;
  46   1          LED6 = 0;
  47   1          LED7 = 0;
  48   1          LED8 = 0;
  49   1      
  50   1          while(1) {
  51   2             
  52   2          }
  53   1      }
C51 COMPILER V9.60.7.0   MAIN                                                              04/12/2023 16:37:06 PAGE 2   



MODULE INFORMATION:   STATIC OVERLAYABLE
   CODE SIZE        =     73    ----
   CONSTANT SIZE    =   ----    ----
   XDATA SIZE       =   ----    ----
   PDATA SIZE       =   ----    ----
   DATA SIZE        =   ----       2
   IDATA SIZE       =   ----    ----
   BIT SIZE         =   ----    ----
END OF MODULE INFORMATION.


C51 COMPILATION COMPLETE.  0 WARNING(S),  0 ERROR(S)
