C51 COMPILER V9.60.7.0   MAIN                                                              04/16/2023 17:52:05 PAGE 1   


C51 COMPILER V9.60.7.0, COMPILATION OF MODULE MAIN
OBJECT MODULE PLACED IN .\Objects\main.obj
COMPILER INVOKED BY: D:\instal\Keil_v5\C51\BIN\C51.EXE main.c LARGE OPTIMIZE(8,SPEED) BROWSE DEBUG OBJECTEXTEND PRINT(.\
                    -Listings\main.lst) TABS(2) OBJECT(.\Objects\main.obj)

line level    source

   1          #include "config.h"
   2          #include "delay.h"
   3          #include "PWM.h"
   4          #include "Buzzer.h"
   5          
   6          int main()
   7          {
   8   1          u8 i;
   9   1          Buzzer_init();
  10   1          EA = 1;
  11   1      
  12   1              while (1)
  13   1          {
  14   2              for (i = 0; i < 8; i++)
  15   2              {
  16   3                  Buzzer_music(i+1);
  17   3                  delay_ms(250);
  18   3                  delay_ms(250);
  19   3                  delay_ms(250);
  20   3                  delay_ms(250);
  21   3              }
  22   2          }
  23   1      }


MODULE INFORMATION:   STATIC OVERLAYABLE
   CODE SIZE        =     54    ----
   CONSTANT SIZE    =   ----    ----
   XDATA SIZE       =   ----       1
   PDATA SIZE       =   ----    ----
   DATA SIZE        =   ----    ----
   IDATA SIZE       =   ----    ----
   BIT SIZE         =   ----    ----
END OF MODULE INFORMATION.


C51 COMPILATION COMPLETE.  0 WARNING(S),  0 ERROR(S)
