C51 COMPILER V9.60.7.0   USB_REQ_VENDOR                                                    04/23/2023 16:20:48 PAGE 1   


C51 COMPILER V9.60.7.0, COMPILATION OF MODULE USB_REQ_VENDOR
OBJECT MODULE PLACED IN .\Objects\usb_req_vendor.obj
COMPILER INVOKED BY: D:\instal\Keil_v5\C51\BIN\C51.EXE USB\usb_req_vendor.c LARGE OPTIMIZE(8,SPEED) BROWSE INCDIR(.\USB)
                    - DEBUG OBJECTEXTEND PRINT(.\Listings\usb_req_vendor.lst) TABS(2) OBJECT(.\Objects\usb_req_vendor.obj)

line level    source

   1          /*---------------------------------------------------------------------*/
   2          /* --- STC MCU Limited ------------------------------------------------*/
   3          /* --- STC 1T Series MCU Demo Programme -------------------------------*/
   4          /* --- Mobile: (86)13922805190 ----------------------------------------*/
   5          /* --- Fax: 86-0513-55012956,55012947,55012969 ------------------------*/
   6          /* --- Tel: 86-0513-55012928,55012929,55012966 ------------------------*/
   7          /* --- Web: www.STCMCU.com --------------------------------------------*/
   8          /* --- Web: www.STCMCUDATA.com  ---------------------------------------*/
   9          /* --- QQ:  800003751 -------------------------------------------------*/
  10          /* 如果要在程序中使用此代码,请在程序中注明使用了STC的资料及程序        */
  11          /*---------------------------------------------------------------------*/
  12          
  13          #include "stc.h"
  14          #include "usb.h"
  15          #include "usb_req_vendor.h"
  16          
  17          void usb_req_vendor()
  18          {
  19   1          usb_setup_stall();
  20   1      }


MODULE INFORMATION:   STATIC OVERLAYABLE
   CODE SIZE        =      3    ----
   CONSTANT SIZE    =   ----    ----
   XDATA SIZE       =   ----    ----
   PDATA SIZE       =   ----    ----
   DATA SIZE        =   ----    ----
   IDATA SIZE       =   ----    ----
   BIT SIZE         =   ----    ----
END OF MODULE INFORMATION.


C51 COMPILATION COMPLETE.  0 WARNING(S),  0 ERROR(S)
