C51 COMPILER V9.60.7.0   MAIN                                                              04/09/2023 19:35:05 PAGE 1   


C51 COMPILER V9.60.7.0, COMPILATION OF MODULE MAIN
OBJECT MODULE PLACED IN .\Objects\main.obj
COMPILER INVOKED BY: D:\instal\Keil_v5\C51\BIN\C51.EXE main.c OPTIMIZE(8,SPEED) BROWSE DEBUG OBJECTEXTEND PRINT(.\Listin
                    -gs\main.lst) TABS(2) OBJECT(.\Objects\main.obj)

line level    source

   1          #include <STC8H.H>
   2          void Delay1000ms()    //@11.0592MHz
   3          {
   4   1        unsigned char i, j, k;
   5   1      
   6   1        i = 57;
   7   1        j = 27;
   8   1        k = 112;
   9   1        do
  10   1        {
  11   2          do
  12   2          {
  13   3            while (--k);
  14   3          } while (--j);
  15   2        } while (--i);
  16   1      }
  17          
  18          
  19          
  20          int main() {
  21   1        // 0xEF
  22   1        // B7 |B6 |B5 |B4 |B3 |B2|B1|B0
  23   1        // 1  | 1 |1  | 0 | 1 |1 |1 |17
  24   1        // 1  | 1 |1  | 1 | 0 |1 |1 |1   &
  25   1        // 1  | 1 |1  | 0 | 0 |1 |1 |1   
  26   1        
  27   1        // 0  | 0 |0  | 0 | 1 |0 |0 |0
  28   1        // 1  | 1 |1  | 0 | 0 |1 |1 |1   ÆÚÍûÖµ
  29   1          P5M1 |= 0x08;
  30   1         // P5M0 &=~0x00;
  31   1        
  32   1          P5M0 &= ~0x08;
  33   1          while(1) {
  34   2              P53=1;
  35   2              Delay1000ms();
  36   2              P53=0;
  37   2              Delay1000ms();
  38   2          }
  39   1      
  40   1      }


MODULE INFORMATION:   STATIC OVERLAYABLE
   CODE SIZE        =     31    ----
   CONSTANT SIZE    =   ----    ----
   XDATA SIZE       =   ----    ----
   PDATA SIZE       =   ----    ----
   DATA SIZE        =   ----    ----
   IDATA SIZE       =   ----    ----
   BIT SIZE         =   ----    ----
END OF MODULE INFORMATION.


C51 COMPILATION COMPLETE.  0 WARNING(S),  0 ERROR(S)
