C51 COMPILER V9.60.7.0   NIXIE                                                             04/28/2023 20:58:28 PAGE 1   


C51 COMPILER V9.60.7.0, COMPILATION OF MODULE NIXIE
OBJECT MODULE PLACED IN .\Objects\Nixie.obj
COMPILER INVOKED BY: D:\instal\Keil_v5\C51\BIN\C51.EXE Driver\Nixie.c OPTIMIZE(8,SPEED) BROWSE INCDIR(.\Lib;.\Driver) DE
                    -BUG OBJECTEXTEND PRINT(.\Listings\Nixie.lst) TABS(2) OBJECT(.\Objects\Nixie.obj)

line level    source

   1          #include "Nixie.h"
   2          
   3          
   4          u8 code LED_TABLE[] = 
   5          {
   6            0xC0,0xF9,0xA4,0xB0,0x99,0x92,0x82,0xF8,0x80,0x90,0x7F,0xBF,
   7              0x79,0x24,0x30,0x19,0x12,0x02,0x78,0x00,0x10,
   8            0x88,0x83,0xC6,0xA1,0x86,0x8E,0x89,0xF1,0xC7,0x8C,0x98,0xC1
   9          };
  10          
  11          // 初始化
  12          void Nixie_init() {
  13   1          NIXIE_PIN_INIT();
  14   1      }
  15          
  16          // 显示数字
  17          // index: 位置
  18          // dat: 内容
  19          void Nixie_show(u8 index, u8 dat) {
  20   1          u8 i;
  21   1          for(i = 0; i < 8; i++) {
  22   2              // 1 0 1 0 1 0 1 0
  23   2              // 操作了一个bit
  24   2      
  25   2              //printf("%d \r\n", (int)(a & 0x80));
  26   2              if(LED_TABLE[dat] & (1 << (7 - i))) {
  27   3                  // 高电平
  28   3                  NIX_DI = 1;
  29   3              } else {
  30   3                  // 低电平
  31   3                  NIX_DI = 0;
  32   3              }
  33   2              // 1 0 1 0 1 0 1 0
  34   2              // 0 1 0 1 0 1 0 0
  35   2              // a = a << 1;
  36   2              //a <<= 1;
  37   2              NIX_SCK = 0;
  38   2              NOP2();
  39   2              NIX_SCK = 1;
  40   2              NOP2();
  41   2          }
  42   1          
  43   1          // 0x01 0     1 << 0   0x01
  44   1          // 0x02 1     1 << 1   0x02
  45   1          // 0x04 2     1 << 2   0x04
  46   1          //  ?   n     1 << n    
  47   1          // 
  48   1          for(i = 0; i < 8; i++) {
  49   2              // 1 0 1 0 1 0 1 0
  50   2              // 操作了一个bit
  51   2              if((1 << index) & (1 << (7 - i))) {
  52   3                  // 高电平
  53   3                  NIX_DI = 1;
  54   3              } else {
C51 COMPILER V9.60.7.0   NIXIE                                                             04/28/2023 20:58:28 PAGE 2   

  55   3                  // 低电平
  56   3                  NIX_DI = 0;
  57   3              }
  58   2      
  59   2              // 1 0 1 0 1 0 1 0
  60   2              // 0 1 0 1 0 1 0 0
  61   2              //b = b << 1;
  62   2              //b <<= 1;
  63   2              NIX_SCK = 0;
  64   2              NOP2();
  65   2              NIX_SCK = 1;
  66   2              NOP2();
  67   2          }
  68   1      
  69   1          // 锁存
  70   1          NIX_RCK = 0;
  71   1          NOP2();
  72   1          NIX_RCK = 1;
  73   1          NOP2();
  74   1      }


MODULE INFORMATION:   STATIC OVERLAYABLE
   CODE SIZE        =    151    ----
   CONSTANT SIZE    =     33    ----
   XDATA SIZE       =   ----    ----
   PDATA SIZE       =   ----    ----
   DATA SIZE        =   ----    ----
   IDATA SIZE       =   ----    ----
   BIT SIZE         =   ----    ----
END OF MODULE INFORMATION.


C51 COMPILATION COMPLETE.  0 WARNING(S),  0 ERROR(S)
