C51 COMPILER V9.60.7.0   MAIN                                                              04/12/2023 20:16:54 PAGE 1   


C51 COMPILER V9.60.7.0, COMPILATION OF MODULE MAIN
OBJECT MODULE PLACED IN .\Objects\main.obj
COMPILER INVOKED BY: D:\instal\Keil_v5\C51\BIN\C51.EXE main.c OPTIMIZE(8,SPEED) BROWSE DEBUG OBJECTEXTEND PRINT(.\Listin
                    -gs\main.lst) TABS(2) OBJECT(.\Objects\main.obj)

line level    source

   1          #include "config.h"
   2          #include "GPIO.h"
   3          #include "timer.h"
   4          /*
   5          LED呼吸灯
   6          */
   7          //声明/替换
   8          #define LED3 P15
   9          #define LED_SW P45
  10            
  11            u8 freq = 10;
  12            u8 duty = 1;
  13            u8 cont = 0;
  14            u8 total=0;
  15            
  16          //GPIO初始化
  17          void GPIO_config(void) {
  18   1          GPIO_InitTypeDef GPIO_InitStructure;//结构定义
  19   1          GPIO_InitStructure.Mode=GPIO_PullUp;//IO模式，GPIO_PullUp,GPIO_HighZ,GPIO_OUT_OD,GPIO_OUT_PP
  20   1          GPIO_InitStructure.Pin=GPIO_Pin_5;//指定要初始化的IO
  21   1          GPIO_Inilize(GPIO_P4, &GPIO_InitStructure);//初始化
  22   1      
  23   1          GPIO_InitStructure.Mode=GPIO_PullUp;//IO模式，GPIO_PullUp,GPIO_HighZ,GPIO_OUT_OD,GPIO_OUT_PP
  24   1          GPIO_InitStructure.Pin=GPIO_Pin_5;//指定要初始化的IO
  25   1          GPIO_Inilize(GPIO_P1, &GPIO_InitStructure);//初始化
  26   1      }
  27          
  28          //timer初始化
  29          void TIMER_config(void) {
  30   1          TIM_InitTypeDef        TIM_InitStructure;                        //结构定义
  31   1          TIM_InitStructure.TIM_Mode      = TIM_16BitAutoReload;    //指定工作模式,   TIM_16BitAutoReload,TIM_16
             -Bit,TIM_8BitAutoReload,TIM_16BitAutoReloadNoMask
  32   1          TIM_InitStructure.TIM_Priority    = Priority_0;            //指定中断优先级(低到高) Priority_0,Priorit
             -y_1,Priority_2,Priority_3
  33   1          TIM_InitStructure.TIM_Interrupt = ENABLE;                    //中断是否允许,   ENABLE或DISABLE
  34   1          TIM_InitStructure.TIM_ClkSource = TIM_CLOCK_1T;        //指定时钟源,     TIM_CLOCK_1T,TIM_CLOCK_12T,TI
             -M_CLOCK_Ext
  35   1          TIM_InitStructure.TIM_ClkOut    = DISABLE;                //是否输出高速脉冲, ENABLE或DISABLE
  36   1          TIM_InitStructure.TIM_Value     = 65536UL - (MAIN_Fosc / 1000UL);        //初值,>367
  37   1          TIM_InitStructure.TIM_Run       = ENABLE;                    //是否初始化后启动定时器, ENABLE或DISABLE
  38   1          Timer_Inilize(Timer0,&TIM_InitStructure);                    //初始化Timer0      Timer0,Timer1,Timer2,
             -Timer3,Timer4
  39   1      }
  40          void timer0_call(){
  41   1        //LED3 = !LED3;
  42   1        if(cont < duty){
  43   2          LED3 = 0;
  44   2        }else{
  45   2          LED3 = 1;
  46   2        }
  47   1        cont++;
  48   1        if(cont == freq){
  49   2          cont = 0;
  50   2        }
C51 COMPILER V9.60.7.0   MAIN                                                              04/12/2023 20:16:54 PAGE 2   

  51   1        if(total == 100){
  52   2          duty++;
  53   2          total = 0;
  54   2        }
  55   1        total++;
  56   1        if(duty > 10){
  57   2          duty = 0;
  58   2        }
  59   1      }
  60          
  61          int main() {
  62   1          //引用
  63   1          GPIO_config();
  64   1          TIMER_config();
  65   1          //中断总开关
  66   1          EA=1;
  67   1      
  68   1          LED_SW = 0;
  69   1          LED3 = 0;
  70   1        
  71   1          while(1) {
  72   2             
  73   2          }
  74   1      }


MODULE INFORMATION:   STATIC OVERLAYABLE
   CODE SIZE        =    122    ----
   CONSTANT SIZE    =   ----    ----
   XDATA SIZE       =   ----    ----
   PDATA SIZE       =   ----    ----
   DATA SIZE        =      4      10
   IDATA SIZE       =   ----    ----
   BIT SIZE         =   ----    ----
END OF MODULE INFORMATION.


C51 COMPILATION COMPLETE.  0 WARNING(S),  0 ERROR(S)
