C51 COMPILER V9.60.7.0   KEY                                                               04/30/2023 15:48:03 PAGE 1   


C51 COMPILER V9.60.7.0, COMPILATION OF MODULE KEY
OBJECT MODULE PLACED IN .\Objects\Key.obj
COMPILER INVOKED BY: D:\instal\Keil_v5\C51\BIN\C51.EXE Driver\Key.c LARGE OPTIMIZE(8,SPEED) BROWSE INCDIR(.\Lib;.\Driver
                    -) DEBUG OBJECTEXTEND PRINT(.\Listings\Key.lst) TABS(2) OBJECT(.\Objects\Key.obj)

line level    source

   1          #include "Key.h"
   2          
   3          static u8 state = 1;
   4          
   5          void Key_init() {
   6   1        KEY_PIN_INIT();
   7   1      }
   8          
   9          void Key_scan() {
  10   1        if(KEY == KEY_DOWN && state == KEY_UP) {
  11   2          //°´ÏÂ
  12   2          state = KEY_DOWN;
  13   2          Key_on_keydown();
  14   2        } else if(KEY == KEY_UP && state == KEY_DOWN){
  15   2          //Ì§Æð
  16   2          state = KEY_UP;
  17   2          Key_on_keyup();
  18   2        }
  19   1      }


MODULE INFORMATION:   STATIC OVERLAYABLE
   CODE SIZE        =     37    ----
   CONSTANT SIZE    =   ----    ----
   XDATA SIZE       =      1    ----
   PDATA SIZE       =   ----    ----
   DATA SIZE        =   ----    ----
   IDATA SIZE       =   ----    ----
   BIT SIZE         =   ----    ----
END OF MODULE INFORMATION.


C51 COMPILATION COMPLETE.  0 WARNING(S),  0 ERROR(S)
