C51 COMPILER V9.60.7.0   MAIN                                                              04/09/2023 20:44:09 PAGE 1   


C51 COMPILER V9.60.7.0, COMPILATION OF MODULE MAIN
OBJECT MODULE PLACED IN .\Objects\main.obj
COMPILER INVOKED BY: D:\instal\Keil_v5\C51\BIN\C51.EXE main.c OPTIMIZE(8,SPEED) BROWSE DEBUG OBJECTEXTEND PRINT(.\Listin
                    -gs\main.lst) TABS(2) OBJECT(.\Objects\main.obj)

line level    source

   1          #include "config.h"
   2          #include "GPIO.h"
   3          
   4          void Delay1000ms()    //@11.0592MHz
   5          {
   6   1        unsigned char i, j, k;
   7   1      
   8   1        i = 57;
   9   1        j = 27;
  10   1        k = 112;
  11   1        do
  12   1        {
  13   2          do
  14   2          {
  15   3            while (--k);
  16   3          } while (--j);
  17   2        } while (--i);
  18   1      }
  19          
  20          //P53
  21          void GPIO_config(){
  22   1        GPIO_InitTypeDef GPIO_InitStructure;
  23   1        GPIO_InitStructure.Mode=GPIO_PullUp;
  24   1        GPIO_InitStructure.Pin=GPIO_Pin_3;
  25   1        GPIO_Inilize(GPIO_P5, &GPIO_InitStructure);
  26   1      }
  27          
  28          int main(){
  29   1        //I/O¿ÚÄ£Ê½
  30   1        GPIO_config();
  31   1        while(1){
  32   2          P53=1;
  33   2          Delay1000ms();
  34   2          P53=0;
  35   2          Delay1000ms();
  36   2        }
  37   1      }


MODULE INFORMATION:   STATIC OVERLAYABLE
   CODE SIZE        =     44    ----
   CONSTANT SIZE    =   ----    ----
   XDATA SIZE       =   ----    ----
   PDATA SIZE       =   ----    ----
   DATA SIZE        =   ----       2
   IDATA SIZE       =   ----    ----
   BIT SIZE         =   ----    ----
END OF MODULE INFORMATION.


C51 COMPILATION COMPLETE.  0 WARNING(S),  0 ERROR(S)
