C51 COMPILER V9.60.7.0   MAIN                                                              04/28/2023 20:25:31 PAGE 1   


C51 COMPILER V9.60.7.0, COMPILATION OF MODULE MAIN
OBJECT MODULE PLACED IN .\Objects\main.obj
COMPILER INVOKED BY: D:\instal\Keil_v5\C51\BIN\C51.EXE User\main.c OPTIMIZE(8,SPEED) BROWSE INCDIR(.\Lib;.\Driver) DEBUG
                    - OBJECTEXTEND PRINT(.\Listings\main.lst) TABS(2) OBJECT(.\Objects\main.obj)

line level    source

   1          #include "UART.h"
   2          #include "config.h"
   3          #include "GPIO.h"
   4          #include "MatrixKeys.h"
   5          #include <stdio.h>
   6          
   7          void GPIO_config(void) {
   8   1      
   9   1      }
  10          
  11          void UART_config(void) {
  12   1          COMx_InitDefine        COMx_InitStructure;                    //结构定义
  13   1          COMx_InitStructure.UART_Mode      = UART_8bit_BRTx;    //模式, UART_ShiftRight,UART_8bit_BRTx,UART_9bi
             -t,UART_9bit_BRTx
  14   1          COMx_InitStructure.UART_BRT_Use   = BRT_Timer1;            //选择波特率发生器, BRT_Timer1, BRT_Timer2 
             -(注意: 串口2固定使用BRT_Timer2)
  15   1          COMx_InitStructure.UART_BaudRate  = 115200ul;            //波特率, 一般 110 ~ 115200
  16   1          COMx_InitStructure.UART_RxEnable  = ENABLE;                //接收允许,   ENABLE或DISABLE
  17   1          COMx_InitStructure.BaudRateDouble = DISABLE;            //波特率加倍, ENABLE或DISABLE
  18   1          COMx_InitStructure.UART_Interrupt = ENABLE;                //中断允许,   ENABLE或DISABLE
  19   1          COMx_InitStructure.UART_Priority  = Priority_0;            //指定中断优先级(低到高) Priority_0,Priorit
             -y_1,Priority_2,Priority_3
  20   1          COMx_InitStructure.UART_P_SW      = UART1_SW_P30_P31;    //切换端口,   UART1_SW_P30_P31,UART1_SW_P36_P
             -37,UART1_SW_P16_P17,UART1_SW_P43_P44
  21   1          UART_Configuration(UART1, &COMx_InitStructure);        //初始化串口1 UART1,UART2,UART3,UART4
  22   1      }
  23          
  24          
  25          void All_init() {
  26   1          GPIO_config();
  27   1          UART_config();
  28   1          MK_init();
  29   1          EA = 1;
  30   1      }
  31          
  32          char putchar (char dat) {
  33   1          TX1_write2buff(dat);
  34   1          return dat;
  35   1      }
  36          
  37          
  38          void MK_on_keyup(u8 row, u8 col) {
  39   1          printf("%d行，%d列 UP\r\n",(int)row,(int)col);
  40   1      }
  41          void MK_on_keydown(u8 row, u8 col) {
  42   1          printf("%d行，%d列 Down\r\n",(int)row,(int)col);
  43   1      }
  44          
  45          
  46          //定义我的程序入口
  47          void start() _task_ 0{
  48   1          All_init();
  49   1      
  50   1          os_create_task(1);
C51 COMPILER V9.60.7.0   MAIN                                                              04/28/2023 20:25:31 PAGE 2   

  51   1          os_create_task(2);
  52   1          os_delete_task(0);
  53   1      }
  54          void task1() _task_ 1{
  55   1          while(1) {
  56   2              u16 state;
  57   2              MK_scan(&state);
  58   2              os_wait2(K_TMO,4);
  59   2          }
  60   1      }
  61          
  62          void task2() _task_ 2{
  63   1          while(1) {
  64   2      
  65   2          }
  66   1      }


MODULE INFORMATION:   STATIC OVERLAYABLE
   CODE SIZE        =    142    ----
   CONSTANT SIZE    =     34    ----
   XDATA SIZE       =   ----    ----
   PDATA SIZE       =   ----    ----
   DATA SIZE        =   ----      15
   IDATA SIZE       =   ----    ----
   BIT SIZE         =   ----    ----
END OF MODULE INFORMATION.


C51 COMPILATION COMPLETE.  0 WARNING(S),  0 ERROR(S)
