C51 COMPILER V9.60.7.0   MAIN                                                              04/14/2023 10:23:58 PAGE 1   


C51 COMPILER V9.60.7.0, COMPILATION OF MODULE MAIN
OBJECT MODULE PLACED IN .\Objects\main.obj
COMPILER INVOKED BY: D:\instal\Keil_v5\C51\BIN\C51.EXE main.c OPTIMIZE(8,SPEED) BROWSE DEBUG OBJECTEXTEND PRINT(.\Listin
                    -gs\main.lst) TABS(2) OBJECT(.\Objects\main.obj)

line level    source

   1          #include "config.h"
   2          #include "GPIO.h"
   3          #include "delay.h"
   4          
   5          void GPIO_config(void) {
   6   1          GPIO_InitTypeDef GPIO_InitStructure;//结构定义
   7   1          GPIO_InitStructure.Mode=GPIO_OUT_PP;//IO模式，GPIO_PullUp,GPIO_HighZ,GPIO_OUT_OD,GPIO_OUT_PP
   8   1          GPIO_InitStructure.Pin=GPIO_Pin_1;//指定要初始化的IO
   9   1          GPIO_Inilize(GPIO_P0, &GPIO_InitStructure);//初始化
  10   1      }
  11          
  12          int main(){
  13   1        GPIO_config();
  14   1        EA = 1;
  15   1        while(1){
  16   2          P01 = 1;
  17   2          delay_ms(250);
  18   2          delay_ms(250);
  19   2          P01 = 0;
  20   2          delay_ms(250);
  21   2          delay_ms(250);
  22   2        }
  23   1      }


MODULE INFORMATION:   STATIC OVERLAYABLE
   CODE SIZE        =     48    ----
   CONSTANT SIZE    =   ----    ----
   XDATA SIZE       =   ----    ----
   PDATA SIZE       =   ----    ----
   DATA SIZE        =   ----       2
   IDATA SIZE       =   ----    ----
   BIT SIZE         =   ----    ----
END OF MODULE INFORMATION.


C51 COMPILATION COMPLETE.  0 WARNING(S),  0 ERROR(S)
