C51 COMPILER V9.60.7.0   MAIN                                                              04/21/2023 17:24:57 PAGE 1   


C51 COMPILER V9.60.7.0, COMPILATION OF MODULE MAIN
OBJECT MODULE PLACED IN main.OBJ
COMPILER INVOKED BY: D:\instal\Keil_v5\C51\BIN\C51.EXE main.c LARGE OPTIMIZE(8,SPEED) BROWSE INCDIR(.\OLED) DEBUG OBJECT
                    -EXTEND TABS(2)

line level    source

   1          //////////////////////////////////////////////////////////////////////////////////   
   2          //本程序只供学习使用，未经作者许可，不得用于其它任何用途
   3          //中景园电子
   4          //店铺地址：http://shop73023976.taobao.com/?spm=2013.1.0.0.M4PqC2
   5          //
   6          //  文 件 名   : main.c
   7          //  版 本 号   : v2.0
   8          //  作    者   : HuangKai
   9          //  生成日期   : 2018-10-31
  10          //  最近修改   : 
  11          //  功能描述   : OLED SPI接口演示例程(51系列)
  12          //              说明: 
  13          //              ----------------------------------------------------------------
  14          //              GND    电源地
  15          //              VCC  3.3v电源
  16          //              D0   P1^4（SCL）
  17          //              D1   P1^3（SDA）
  18          //              DC   P1^2
  19          //              CS1  P1^1
  20          //              FS0  P1^0 
  21          //              CS2  P0^0 
  22          //              ----------------------------------------------------------------
  23          // 修改历史   :
  24          // 日    期   : 
  25          // 作    者   : HuangKai
  26          // 修改内容   : 创建文件
  27          //版权所有，盗版必究。
  28          //Copyright(C) 中景园电子2018-10-31
  29          //All rights reserved
  30          //******************************************************************************/
  31          //#include "REG51.h"
  32          #include "config.h"
  33          #include "oled.h"
  34          #include "bmp.h"
  35          #include "GPIO.h"
  36          
  37          void GPIO_config(){
  38   1        P0M1 = 0; P0M0 = 0;
  39   1      P1M1 = 0; P1M0 = 0;
  40   1      P2M1 = 0; P2M0 = 0;
  41   1      P3M1 = 0; P3M0 = 0;
  42   1      P4M1 = 0; P4M0 = 0;
  43   1      P5M1 = 0; P5M0 = 0;
  44   1      P6M1 = 0; P6M0 = 0;
  45   1      P7M1 = 0; P7M0 = 0;
  46   1      }
  47          
  48          int main(void)
  49          {
  50   1        float t=0;
  51   1        GPIO_config();
  52   1        OLED_Init();
  53   1        OLED_ColorTurn(0);//0正常显示，1 反色显示
  54   1        OLED_DisplayTurn(0);//0正常显示 1 屏幕翻转显示
C51 COMPILER V9.60.7.0   MAIN                                                              04/21/2023 17:24:57 PAGE 2   

  55   1        OLED_Clear();
  56   1        while(1)
  57   1        { 
  58   2      ////    t+=0.01;
  59   2      ////    OLED_ShowNum(0,0,t,5);//显示小数
  60   2          OLED_Display_128x64(bmp1);
  61   2          delay_ms(500);
  62   2          OLED_Display_GB2312_string(0,0,"12864,带中文字库"); /*在第1页，第1列，显示一串16x16点阵汉字或8x16的ASCII
             -字*/
  63   2          OLED_Display_GB2312_string(0,2,"16X16简体汉字库,");  /*显示一串16x16点阵汉字或8x16的ASCII字.以下雷同*/
  64   2          OLED_Display_GB2312_string(0,4,"或8X16点阵ASCII,");
  65   2          OLED_Display_GB2312_string(0,6,"或5X7点阵ASCII码");
  66   2          delay_ms(500);        
  67   2          OLED_Clear();
  68   2          OLED_Display_GB2312_string(24,0,"中景园电子");  
  69   2          OLED_Display_GB2312_string(0,2,"主要生产OLED模块");
  70   2          OLED_Display_GB2312_string(0,4,"顾客至上真诚服务");
  71   2          OLED_Display_GB2312_string(0,6,"诚信与质量第一！");
  72   2          delay_ms(500);  
  73   2          OLED_Clear();   
  74   2          OLED_Display_GB2312_string(0,0,"GB2312简体字库及"); 
  75   2          OLED_Display_GB2312_string(0,2,"有图型功能，可自"); 
  76   2          OLED_Display_GB2312_string(0,4,"编大字或图像或生");
  77   2          OLED_Display_GB2312_string(0,6,"僻字，例如：");
  78   2          OLED_Display_16x16(97,6,jiong1);          /*在第7页，第81列显示单个自编生僻汉字“濉*/
  79   2          OLED_Display_16x16(113,6,lei1);
  80   2          delay_ms(500);
  81   2          OLED_Clear();
  82   2          OLED_Display_GB2312_string(0,0,"<!@#$%^&*()_-+]/"); /*在第1页，第1列，显示一串16x16点阵汉字或8*16的ASCII
             -字*/
  83   2          OLED_Display_string_5x7(0,2,"<!@#$%^&*()_-+]/;.,?[");/*在第3页，第1列，显示一串5x7点阵的ASCII字*/
  84   2          OLED_Display_string_5x7(0,3,"XY electronics Co., ");/*显示一串5x7点阵的ASCII字*/
  85   2          OLED_Display_string_5x7(0,4,"Ltd. established at  ");/*显示一串5x7点阵的ASCII字*/ 
  86   2          OLED_Display_string_5x7(0,5,"year 2010.Focus OLED ");/*显示一串5x7点阵的ASCII字*/
  87   2          OLED_Display_string_5x7(0,6,"Mobile:13265585975");/*显示一串5x7点阵的ASCII字*/
  88   2          OLED_Display_string_5x7(0,7,"Tel:0755-32910715");/*显示一串5x7点阵的ASCII字*/
  89   2          delay_ms(500);
  90   2          OLED_Clear(); 
  91   2          OLED_Display_GB2312_string(0,0,"啊阿埃挨哎唉哀皑"); /*在第1页，第1列，显示一串16x16点阵汉字或8x16的ASCII
             -字*/
  92   2          OLED_Display_GB2312_string(0,2,"癌蔼矮艾碍爱隘鞍");  /*显示一串16x16点阵汉字或8x16的ASCII字.以下雷同*/
  93   2          OLED_Display_GB2312_string(0,4,"氨安俺按暗岸胺案");
  94   2          OLED_Display_GB2312_string(0,6,"肮昂盎凹敖熬翱袄");           
  95   2          delay_ms(500);
  96   2          OLED_Clear(); 
  97   2          OLED_Display_GB2312_string(0,0,"鬟鬣麽麾縻麂麇麈");
  98   2          OLED_Display_GB2312_string(0,2,"麋麒鏖麝麟黛黜黝");
  99   2          OLED_Display_GB2312_string(0,4,"黠黟黢黩黧黥黪黯");
 100   2          OLED_Display_GB2312_string(0,6,"齄鼬鼹鼷鼽鼾鼢鼯");
 101   2          delay_ms(500);
 102   2          OLED_Clear();
 103   2        }
 104   1      }


MODULE INFORMATION:   STATIC OVERLAYABLE
   CODE SIZE        =    514    ----
   CONSTANT SIZE    =   1493    ----
   XDATA SIZE       =     64       4
   PDATA SIZE       =   ----    ----
   DATA SIZE        =   ----    ----
   IDATA SIZE       =   ----    ----
C51 COMPILER V9.60.7.0   MAIN                                                              04/21/2023 17:24:57 PAGE 3   

   BIT SIZE         =   ----    ----
END OF MODULE INFORMATION.


C51 COMPILATION COMPLETE.  0 WARNING(S),  0 ERROR(S)
